<?xml version="1.0" encoding="UTF-8"?>
<testng-results ignored="0" total="1" passed="1" failed="0" skipped="0">
  <reporter-output>
    <line>
      <![CDATA[demoCustomer]]>
    </line>
  </reporter-output>
  <suite started-at="2023-07-04T08:20:44Z" name="Default suite" finished-at="2023-07-04T08:20:44Z" duration-ms="62">
    <groups>
    </groups>
    <test started-at="2023-07-04T08:20:44Z" name="Default test" finished-at="2023-07-04T08:20:44Z" duration-ms="62">
      <class name="com.demomaven.testsript.demoCustomer">
        <test-method signature="testDemoCustomer()[pri:0, instance:com.demomaven.testsript.demoCustomer@78e4deb0]" started-at="2023-07-04T08:20:44Z" name="testDemoCustomer" finished-at="2023-07-04T08:20:44Z" duration-ms="21" status="PASS">
          <reporter-output>
            <line>
              <![CDATA[demoCustomer]]>
            </line>
          </reporter-output>
        </test-method> <!-- testDemoCustomer -->
      </class> <!-- com.demomaven.testsript.demoCustomer -->
    </test> <!-- Default test -->
  </suite> <!-- Default suite -->
</testng-results>
